# JRE version: OpenJDK Runtime Environment (8.0_111-b14) (build 1.8.0_111-8u111-b14-2ubuntu0.16.04.2-b14)
# Java VM: OpenJDK 64-Bit Server VM (25.111-b14 mixed mode linux-amd64 compressed oops)
Heap:
 PSYoungGen      total 18432K, used 13220K [0x00000000ec600000, 0x00000000edb00000, 0x0000000100000000)
  eden space 15360K, 75% used [0x00000000ec600000,0x00000000ed1600a0,0x00000000ed500000)
  from space 3072K, 51% used [0x00000000ed800000,0x00000000ed989100,0x00000000edb00000)
  to   space 3072K, 0% used [0x00000000ed500000,0x00000000ed500000,0x00000000ed800000)
 ParOldGen       total 40960K, used 18283K [0x00000000c5200000, 0x00000000c7a00000, 0x00000000ec600000)
  object space 40960K, 44% used [0x00000000c5200000,0x00000000c63dae98,0x00000000c7a00000)
 Metaspace       used 10464K, capacity 10814K, committed 10880K, reserved 1058816K
  class space    used 1038K, capacity 1147K, committed 1152K, reserved 1048576K
GC Heap History (10 events):
Event: 264.568 GC heap before
{Heap before GC invocations=54 (full 0):
 PSYoungGen      total 17408K, used 16825K [0x00000000ec600000, 0x00000000eda00000, 0x0000000100000000)
  eden space 15360K, 99% used [0x00000000ec600000,0x00000000ed4fe978,0x00000000ed500000)
  from space 2048K, 71% used [0x00000000ed500000,0x00000000ed66fae0,0x00000000ed700000)
  to   space 2560K, 0% used [0x00000000ed780000,0x00000000ed780000,0x00000000eda00000)
 ParOldGen       total 40960K, used 15460K [0x00000000c5200000, 0x00000000c7a00000, 0x00000000ec600000)
  object space 40960K, 37% used [0x00000000c5200000,0x00000000c61190f8,0x00000000c7a00000)
 Metaspace       used 10435K, capacity 10712K, committed 10880K, reserved 1058816K
  class space    used 1035K, capacity 1114K, committed 1152K, reserved 1048576K
Event: 264.570 GC heap after
Heap after GC invocations=54 (full 0):
 PSYoungGen      total 17920K, used 310K [0x00000000ec600000, 0x00000000eda00000, 0x0000000100000000)
  eden space 15360K, 0% used [0x00000000ec600000,0x00000000ec600000,0x00000000ed500000)
  from space 2560K, 12% used [0x00000000ed780000,0x00000000ed7cd8d0,0x00000000eda00000)
  to   space 2560K, 0% used [0x00000000ed500000,0x00000000ed500000,0x00000000ed780000)
 ParOldGen       total 40960K, used 15676K [0x00000000c5200000, 0x00000000c7a00000, 0x00000000ec600000)
  object space 40960K, 38% used [0x00000000c5200000,0x00000000c614f1e8,0x00000000c7a00000)
 Metaspace       used 10435K, capacity 10712K, committed 10880K, reserved 1058816K
  class space    used 1035K, capacity 1114K, committed 1152K, reserved 1048576K
}
Event: 269.824 GC heap before
{Heap before GC invocations=55 (full 0):
 PSYoungGen      total 17920K, used 15670K [0x00000000ec600000, 0x00000000eda00000, 0x0000000100000000)
  eden space 15360K, 100% used [0x00000000ec600000,0x00000000ed500000,0x00000000ed500000)
  from space 2560K, 12% used [0x00000000ed780000,0x00000000ed7cd8d0,0x00000000eda00000)
  to   space 2560K, 0% used [0x00000000ed500000,0x00000000ed500000,0x00000000ed780000)
 ParOldGen       total 40960K, used 15676K [0x00000000c5200000, 0x00000000c7a00000, 0x00000000ec600000)
  object space 40960K, 38% used [0x00000000c5200000,0x00000000c614f1e8,0x00000000c7a00000)
 Metaspace       used 10454K, capacity 10814K, committed 10880K, reserved 1058816K
  class space    used 1038K, capacity 1147K, committed 1152K, reserved 1048576K
Event: 269.827 GC heap after
Heap after GC invocations=55 (full 0):
 PSYoungGen      total 17920K, used 2542K [0x00000000ec600000, 0x00000000edb00000, 0x0000000100000000)
  eden space 15360K, 0% used [0x00000000ec600000,0x00000000ec600000,0x00000000ed500000)
  from space 2560K, 99% used [0x00000000ed500000,0x00000000ed77bb80,0x00000000ed780000)
  to   space 3072K, 0% used [0x00000000ed800000,0x00000000ed800000,0x00000000edb00000)
 ParOldGen       total 40960K, used 15872K [0x00000000c5200000, 0x00000000c7a00000, 0x00000000ec600000)
  object space 40960K, 38% used [0x00000000c5200000,0x00000000c61802b8,0x00000000c7a00000)
 Metaspace       used 10454K, capacity 10814K, committed 10880K, reserved 1058816K
  class space    used 1038K, capacity 1147K, committed 1152K, reserved 1048576K
}
Event: 274.477 GC heap before
{Heap before GC invocations=56 (full 0):
 PSYoungGen      total 17920K, used 17902K [0x00000000ec600000, 0x00000000edb00000, 0x0000000100000000)
  eden space 15360K, 100% used [0x00000000ec600000,0x00000000ed500000,0x00000000ed500000)
  from space 2560K, 99% used [0x00000000ed500000,0x00000000ed77bb80,0x00000000ed780000)
  to   space 3072K, 0% used [0x00000000ed800000,0x00000000ed800000,0x00000000edb00000)
 ParOldGen       total 40960K, used 15872K [0x00000000c5200000, 0x00000000c7a00000, 0x00000000ec600000)
  object space 40960K, 38% used [0x00000000c5200000,0x00000000c61802b8,0x00000000c7a00000)
 Metaspace       used 10456K, capacity 10814K, committed 10880K, reserved 1058816K
  class space    used 1038K, capacity 1147K, committed 1152K, reserved 1048576K
Event: 274.483 GC heap after
Heap after GC invocations=56 (full 0):
 PSYoungGen      total 18432K, used 2234K [0x00000000ec600000, 0x00000000edb00000, 0x0000000100000000)
  eden space 15360K, 0% used [0x00000000ec600000,0x00000000ec600000,0x00000000ed500000)
  from space 3072K, 72% used [0x00000000ed800000,0x00000000eda2eab0,0x00000000edb00000)
  to   space 3072K, 0% used [0x00000000ed500000,0x00000000ed500000,0x00000000ed800000)
 ParOldGen       total 40960K, used 16210K [0x00000000c5200000, 0x00000000c7a00000, 0x00000000ec600000)
  object space 40960K, 39% used [0x00000000c5200000,0x00000000c61d4a40,0x00000000c7a00000)
 Metaspace       used 10456K, capacity 10814K, committed 10880K, reserved 1058816K
  class space    used 1038K, capacity 1147K, committed 1152K, reserved 1048576K
}
Event: 286.446 GC heap before
{Heap before GC invocations=57 (full 0):
 PSYoungGen      total 18432K, used 17496K [0x00000000ec600000, 0x00000000edb00000, 0x0000000100000000)
  eden space 15360K, 99% used [0x00000000ec600000,0x00000000ed4e78b0,0x00000000ed500000)
  from space 3072K, 72% used [0x00000000ed800000,0x00000000eda2eab0,0x00000000edb00000)
  to   space 3072K, 0% used [0x00000000ed500000,0x00000000ed500000,0x00000000ed800000)
 ParOldGen       total 40960K, used 16210K [0x00000000c5200000, 0x00000000c7a00000, 0x00000000ec600000)
  object space 40960K, 39% used [0x00000000c5200000,0x00000000c61d4a40,0x00000000c7a00000)
 Metaspace       used 10457K, capacity 10814K, committed 10880K, reserved 1058816K
  class space    used 1038K, capacity 1147K, committed 1152K, reserved 1048576K
Event: 286.454 GC heap after
Heap after GC invocations=57 (full 0):
 PSYoungGen      total 18432K, used 346K [0x00000000ec600000, 0x00000000edb00000, 0x0000000100000000)
  eden space 15360K, 0% used [0x00000000ec600000,0x00000000ec600000,0x00000000ed500000)
  from space 3072K, 11% used [0x00000000ed500000,0x00000000ed556ae0,0x00000000ed800000)
  to   space 3072K, 0% used [0x00000000ed800000,0x00000000ed800000,0x00000000edb00000)
 ParOldGen       total 40960K, used 18196K [0x00000000c5200000, 0x00000000c7a00000, 0x00000000ec600000)
  object space 40960K, 44% used [0x00000000c5200000,0x00000000c63c5290,0x00000000c7a00000)
 Metaspace       used 10457K, capacity 10814K, committed 10880K, reserved 1058816K
  class space    used 1038K, capacity 1147K, committed 1152K, reserved 1048576K
}
Event: 292.065 GC heap before
{Heap before GC invocations=58 (full 0):
 PSYoungGen      total 18432K, used 15175K [0x00000000ec600000, 0x00000000edb00000, 0x0000000100000000)
  eden space 15360K, 96% used [0x00000000ec600000,0x00000000ed47b340,0x00000000ed500000)
  from space 3072K, 11% used [0x00000000ed500000,0x00000000ed556ae0,0x00000000ed800000)
  to   space 3072K, 0% used [0x00000000ed800000,0x00000000ed800000,0x00000000edb00000)
 ParOldGen       total 40960K, used 18196K [0x00000000c5200000, 0x00000000c7a00000, 0x00000000ec600000)
  object space 40960K, 44% used [0x00000000c5200000,0x00000000c63c5290,0x00000000c7a00000)
 Metaspace       used 10463K, capacity 10814K, committed 10880K, reserved 1058816K
  class space    used 1038K, capacity 1147K, committed 1152K, reserved 1048576K
Event: 292.068 GC heap after
Heap after GC invocations=58 (full 0):
 PSYoungGen      total 18432K, used 1572K [0x00000000ec600000, 0x00000000edb00000, 0x0000000100000000)
  eden space 15360K, 0% used [0x00000000ec600000,0x00000000ec600000,0x00000000ed500000)
  from space 3072K, 51% used [0x00000000ed800000,0x00000000ed989100,0x00000000edb00000)
  to   space 3072K, 0% used [0x00000000ed500000,0x00000000ed500000,0x00000000ed800000)
 ParOldGen       total 40960K, used 18283K [0x00000000c5200000, 0x00000000c7a00000, 0x00000000ec600000)
  object space 40960K, 44% used [0x00000000c5200000,0x00000000c63dae98,0x00000000c7a00000)
 Metaspace       used 10463K, capacity 10814K, committed 10880K, reserved 1058816K
  class space    used 1038K, capacity 1147K, committed 1152K, reserved 1048576K
}

