# JRE version: OpenJDK Runtime Environment (8.0_111-b14) (build 1.8.0_111-8u111-b14-2ubuntu0.16.04.2-b14)
# Java VM: OpenJDK 64-Bit Server VM (25.111-b14 mixed mode linux-amd64 compressed oops)
Heap:
 PSYoungGen      total 13312K, used 13288K [0x00000000ec600000, 0x00000000ed600000, 0x0000000100000000)
  eden space 11776K, 100% used [0x00000000ec600000,0x00000000ed180000,0x00000000ed180000)
  from space 1536K, 98% used [0x00000000ed380000,0x00000000ed4fa380,0x00000000ed500000)
  to   space 2048K, 0% used [0x00000000ed180000,0x00000000ed180000,0x00000000ed380000)
 ParOldGen       total 26624K, used 12625K [0x00000000c5200000, 0x00000000c6c00000, 0x00000000ec600000)
  object space 26624K, 47% used [0x00000000c5200000,0x00000000c5e544a8,0x00000000c6c00000)
 Metaspace       used 12033K, capacity 12268K, committed 12544K, reserved 1060864K
  class space    used 1110K, capacity 1214K, committed 1280K, reserved 1048576K
GC Heap History (10 events):
Event: 3929.720 GC heap before
{Heap before GC invocations=1034 (full 12):
 PSYoungGen      total 13824K, used 12288K [0x00000000ec600000, 0x00000000ed500000, 0x0000000100000000)
  eden space 12288K, 100% used [0x00000000ec600000,0x00000000ed200000,0x00000000ed200000)
  from space 1536K, 0% used [0x00000000ed200000,0x00000000ed200000,0x00000000ed380000)
  to   space 1536K, 0% used [0x00000000ed380000,0x00000000ed380000,0x00000000ed500000)
 ParOldGen       total 26624K, used 11282K [0x00000000c5200000, 0x00000000c6c00000, 0x00000000ec600000)
  object space 26624K, 42% used [0x00000000c5200000,0x00000000c5d04900,0x00000000c6c00000)
 Metaspace       used 12033K, capacity 12268K, committed 12544K, reserved 1060864K
  class space    used 1110K, capacity 1214K, committed 1280K, reserved 1048576K
Event: 3929.726 GC heap after
Heap after GC invocations=1034 (full 12):
 PSYoungGen      total 13824K, used 988K [0x00000000ec600000, 0x00000000ed500000, 0x0000000100000000)
  eden space 12288K, 0% used [0x00000000ec600000,0x00000000ec600000,0x00000000ed200000)
  from space 1536K, 64% used [0x00000000ed380000,0x00000000ed4770c8,0x00000000ed500000)
  to   space 1536K, 0% used [0x00000000ed200000,0x00000000ed200000,0x00000000ed380000)
 ParOldGen       total 26624K, used 11282K [0x00000000c5200000, 0x00000000c6c00000, 0x00000000ec600000)
  object space 26624K, 42% used [0x00000000c5200000,0x00000000c5d04900,0x00000000c6c00000)
 Metaspace       used 12033K, capacity 12268K, committed 12544K, reserved 1060864K
  class space    used 1110K, capacity 1214K, committed 1280K, reserved 1048576K
}
Event: 3933.811 GC heap before
{Heap before GC invocations=1035 (full 12):
 PSYoungGen      total 13824K, used 12937K [0x00000000ec600000, 0x00000000ed500000, 0x0000000100000000)
  eden space 12288K, 97% used [0x00000000ec600000,0x00000000ed1ab6d8,0x00000000ed200000)
  from space 1536K, 64% used [0x00000000ed380000,0x00000000ed4770c8,0x00000000ed500000)
  to   space 1536K, 0% used [0x00000000ed200000,0x00000000ed200000,0x00000000ed380000)
 ParOldGen       total 26624K, used 11282K [0x00000000c5200000, 0x00000000c6c00000, 0x00000000ec600000)
  object space 26624K, 42% used [0x00000000c5200000,0x00000000c5d04900,0x00000000c6c00000)
 Metaspace       used 12033K, capacity 12268K, committed 12544K, reserved 1060864K
  class space    used 1110K, capacity 1214K, committed 1280K, reserved 1048576K
Event: 3933.823 GC heap after
Heap after GC invocations=1035 (full 12):
 PSYoungGen      total 13824K, used 1165K [0x00000000ec600000, 0x00000000ed500000, 0x0000000100000000)
  eden space 12288K, 0% used [0x00000000ec600000,0x00000000ec600000,0x00000000ed200000)
  from space 1536K, 75% used [0x00000000ed200000,0x00000000ed323658,0x00000000ed380000)
  to   space 1536K, 0% used [0x00000000ed380000,0x00000000ed380000,0x00000000ed500000)
 ParOldGen       total 26624K, used 12074K [0x00000000c5200000, 0x00000000c6c00000, 0x00000000ec600000)
  object space 26624K, 45% used [0x00000000c5200000,0x00000000c5dcabc8,0x00000000c6c00000)
 Metaspace       used 12033K, capacity 12268K, committed 12544K, reserved 1060864K
  class space    used 1110K, capacity 1214K, committed 1280K, reserved 1048576K
}
Event: 3939.107 GC heap before
{Heap before GC invocations=1036 (full 12):
 PSYoungGen      total 13824K, used 13345K [0x00000000ec600000, 0x00000000ed500000, 0x0000000100000000)
  eden space 12288K, 99% used [0x00000000ec600000,0x00000000ed1e4ff8,0x00000000ed200000)
  from space 1536K, 75% used [0x00000000ed200000,0x00000000ed323658,0x00000000ed380000)
  to   space 1536K, 0% used [0x00000000ed380000,0x00000000ed380000,0x00000000ed500000)
 ParOldGen       total 26624K, used 12074K [0x00000000c5200000, 0x00000000c6c00000, 0x00000000ec600000)
  object space 26624K, 45% used [0x00000000c5200000,0x00000000c5dcabc8,0x00000000c6c00000)
 Metaspace       used 12033K, capacity 12268K, committed 12544K, reserved 1060864K
  class space    used 1110K, capacity 1214K, committed 1280K, reserved 1048576K
Event: 3939.110 GC heap after
Heap after GC invocations=1036 (full 12):
 PSYoungGen      total 13824K, used 794K [0x00000000ec600000, 0x00000000ed500000, 0x0000000100000000)
  eden space 12288K, 0% used [0x00000000ec600000,0x00000000ec600000,0x00000000ed200000)
  from space 1536K, 51% used [0x00000000ed380000,0x00000000ed4468a8,0x00000000ed500000)
  to   space 1536K, 0% used [0x00000000ed200000,0x00000000ed200000,0x00000000ed380000)
 ParOldGen       total 26624K, used 12383K [0x00000000c5200000, 0x00000000c6c00000, 0x00000000ec600000)
  object space 26624K, 46% used [0x00000000c5200000,0x00000000c5e17fb8,0x00000000c6c00000)
 Metaspace       used 12033K, capacity 12268K, committed 12544K, reserved 1060864K
  class space    used 1110K, capacity 1214K, committed 1280K, reserved 1048576K
}
Event: 3947.219 GC heap before
{Heap before GC invocations=1037 (full 12):
 PSYoungGen      total 13824K, used 12926K [0x00000000ec600000, 0x00000000ed500000, 0x0000000100000000)
  eden space 12288K, 98% used [0x00000000ec600000,0x00000000ed1d92c0,0x00000000ed200000)
  from space 1536K, 51% used [0x00000000ed380000,0x00000000ed4468a8,0x00000000ed500000)
  to   space 1536K, 0% used [0x00000000ed200000,0x00000000ed200000,0x00000000ed380000)
 ParOldGen       total 26624K, used 12383K [0x00000000c5200000, 0x00000000c6c00000, 0x00000000ec600000)
  object space 26624K, 46% used [0x00000000c5200000,0x00000000c5e17fb8,0x00000000c6c00000)
 Metaspace       used 12033K, capacity 12268K, committed 12544K, reserved 1060864K
  class space    used 1110K, capacity 1214K, committed 1280K, reserved 1048576K
Event: 3947.221 GC heap after
Heap after GC invocations=1037 (full 12):
 PSYoungGen      total 13824K, used 325K [0x00000000ec600000, 0x00000000ed500000, 0x0000000100000000)
  eden space 12288K, 0% used [0x00000000ec600000,0x00000000ec600000,0x00000000ed200000)
  from space 1536K, 21% used [0x00000000ed200000,0x00000000ed2514d8,0x00000000ed380000)
  to   space 1536K, 0% used [0x00000000ed380000,0x00000000ed380000,0x00000000ed500000)
 ParOldGen       total 26624K, used 12465K [0x00000000c5200000, 0x00000000c6c00000, 0x00000000ec600000)
  object space 26624K, 46% used [0x00000000c5200000,0x00000000c5e2c448,0x00000000c6c00000)
 Metaspace       used 12033K, capacity 12268K, committed 12544K, reserved 1060864K
  class space    used 1110K, capacity 1214K, committed 1280K, reserved 1048576K
}
Event: 3951.322 GC heap before
{Heap before GC invocations=1038 (full 12):
 PSYoungGen      total 13824K, used 12613K [0x00000000ec600000, 0x00000000ed500000, 0x0000000100000000)
  eden space 12288K, 100% used [0x00000000ec600000,0x00000000ed200000,0x00000000ed200000)
  from space 1536K, 21% used [0x00000000ed200000,0x00000000ed2514d8,0x00000000ed380000)
  to   space 1536K, 0% used [0x00000000ed380000,0x00000000ed380000,0x00000000ed500000)
 ParOldGen       total 26624K, used 12465K [0x00000000c5200000, 0x00000000c6c00000, 0x00000000ec600000)
  object space 26624K, 46% used [0x00000000c5200000,0x00000000c5e2c448,0x00000000c6c00000)
 Metaspace       used 12033K, capacity 12268K, committed 12544K, reserved 1060864K
  class space    used 1110K, capacity 1214K, committed 1280K, reserved 1048576K
Event: 3951.324 GC heap after
Heap after GC invocations=1038 (full 12):
 PSYoungGen      total 13312K, used 1512K [0x00000000ec600000, 0x00000000ed600000, 0x0000000100000000)
  eden space 11776K, 0% used [0x00000000ec600000,0x00000000ec600000,0x00000000ed180000)
  from space 1536K, 98% used [0x00000000ed380000,0x00000000ed4fa380,0x00000000ed500000)
  to   space 2048K, 0% used [0x00000000ed180000,0x00000000ed180000,0x00000000ed380000)
 ParOldGen       total 26624K, used 12625K [0x00000000c5200000, 0x00000000c6c00000, 0x00000000ec600000)
  object space 26624K, 47% used [0x00000000c5200000,0x00000000c5e544a8,0x00000000c6c00000)
 Metaspace       used 12033K, capacity 12268K, committed 12544K, reserved 1060864K
  class space    used 1110K, capacity 1214K, committed 1280K, reserved 1048576K
}

